0 info it worked if it ends with ok
1 verbose cli [ 'node', '/usr/local/bin/npm', 'install', '-g', 'node-inspector' ]
2 info using npm@1.4.28
3 info using node@v0.10.33
4 verbose cache add [ 'node-inspector', null ]
5 verbose cache add name=undefined spec="node-inspector" args=["node-inspector",null]
6 verbose parsed url { protocol: null,
6 verbose parsed url   slashes: null,
6 verbose parsed url   auth: null,
6 verbose parsed url   host: null,
6 verbose parsed url   port: null,
6 verbose parsed url   hostname: null,
6 verbose parsed url   hash: null,
6 verbose parsed url   search: null,
6 verbose parsed url   query: null,
6 verbose parsed url   pathname: 'node-inspector',
6 verbose parsed url   path: 'node-inspector',
6 verbose parsed url   href: 'node-inspector' }
7 silly lockFile 4198ef9e-node-inspector node-inspector
8 verbose lock node-inspector /Users/lalan/.npm/4198ef9e-node-inspector.lock
9 silly lockFile 4198ef9e-node-inspector node-inspector
10 silly lockFile 4198ef9e-node-inspector node-inspector
11 verbose addNamed [ 'node-inspector', '' ]
12 verbose addNamed [ null, '*' ]
13 silly lockFile e68b88da-node-inspector node-inspector@
14 verbose lock node-inspector@ /Users/lalan/.npm/e68b88da-node-inspector.lock
15 silly addNameRange { name: 'node-inspector', range: '*', hasData: false }
16 verbose request where is /node-inspector
17 verbose request registry https://registry.npmjs.org/
18 verbose request id 13c277f14b17f178
19 verbose url raw /node-inspector
20 verbose url resolving [ 'https://registry.npmjs.org/', './node-inspector' ]
21 verbose url resolved https://registry.npmjs.org/node-inspector
22 verbose request where is https://registry.npmjs.org/node-inspector
23 info trying registry request attempt 1 at 10:48:27
24 verbose etag "CRK95JIR1FO0XQ1RNG3F5AY9W"
25 http GET https://registry.npmjs.org/node-inspector
26 http 304 https://registry.npmjs.org/node-inspector
27 silly registry.get cb [ 304,
27 silly registry.get   { date: 'Fri, 06 Feb 2015 09:48:32 GMT',
27 silly registry.get     server: 'Apache',
27 silly registry.get     via: '1.1 varnish',
27 silly registry.get     'last-modified': 'Fri, 06 Feb 2015 09:48:33 GMT',
27 silly registry.get     'cache-control': 'max-age=60',
27 silly registry.get     etag: '"CRK95JIR1FO0XQ1RNG3F5AY9W"',
27 silly registry.get     age: '0',
27 silly registry.get     'x-served-by': 'cache-lcy1132-LCY',
27 silly registry.get     'x-cache': 'HIT',
27 silly registry.get     'x-cache-hits': '1',
27 silly registry.get     'x-timer': 'S1423216112.393341,VS0,VE618',
27 silly registry.get     vary: 'Accept',
27 silly registry.get     'content-length': '0',
27 silly registry.get     'keep-alive': 'timeout=10, max=50',
27 silly registry.get     connection: 'Keep-Alive' } ]
28 verbose etag https://registry.npmjs.org/node-inspector from cache
29 silly addNameRange number 2 { name: 'node-inspector', range: '*', hasData: true }
30 silly addNameRange versions [ 'node-inspector',
30 silly addNameRange   [ '0.0.1',
30 silly addNameRange     '0.0.2',
30 silly addNameRange     '0.0.3',
30 silly addNameRange     '0.0.4',
30 silly addNameRange     '0.1.0',
30 silly addNameRange     '0.1.1',
30 silly addNameRange     '0.1.2',
30 silly addNameRange     '0.1.3',
30 silly addNameRange     '0.1.4',
30 silly addNameRange     '0.1.5',
30 silly addNameRange     '0.1.6',
30 silly addNameRange     '0.1.7',
30 silly addNameRange     '0.1.8',
30 silly addNameRange     '0.1.9',
30 silly addNameRange     '0.1.10',
30 silly addNameRange     '0.3.0',
30 silly addNameRange     '0.3.1',
30 silly addNameRange     '0.3.2',
30 silly addNameRange     '0.3.3',
30 silly addNameRange     '0.3.4',
30 silly addNameRange     '0.4.0',
30 silly addNameRange     '0.5.0',
30 silly addNameRange     '0.6.0',
30 silly addNameRange     '0.6.1',
30 silly addNameRange     '0.6.2',
30 silly addNameRange     '0.7.0-1',
30 silly addNameRange     '0.2.0-beta1',
30 silly addNameRange     '0.2.0-beta2',
30 silly addNameRange     '0.2.0-beta3',
30 silly addNameRange     '0.2.0-beta4',
30 silly addNameRange     '0.3.0-preview1',
30 silly addNameRange     '0.7.0-2',
30 silly addNameRange     '0.7.0',
30 silly addNameRange     '0.7.1',
30 silly addNameRange     '0.7.2',
30 silly addNameRange     '0.7.3',
30 silly addNameRange     '0.7.4',
30 silly addNameRange     '0.8.0',
30 silly addNameRange     '0.8.1',
30 silly addNameRange     '0.8.3' ] ]
31 verbose addNamed [ 'node-inspector', '0.8.3' ]
32 verbose addNamed [ '0.8.3', '0.8.3' ]
33 silly lockFile 81aa846c-node-inspector-0-8-3 node-inspector@0.8.3
34 verbose lock node-inspector@0.8.3 /Users/lalan/.npm/81aa846c-node-inspector-0-8-3.lock
35 silly lockFile 81aa846c-node-inspector-0-8-3 node-inspector@0.8.3
36 silly lockFile 81aa846c-node-inspector-0-8-3 node-inspector@0.8.3
37 silly lockFile e68b88da-node-inspector node-inspector@
38 silly lockFile e68b88da-node-inspector node-inspector@
39 silly resolved [ { name: 'node-inspector',
39 silly resolved     version: '0.8.3',
39 silly resolved     description: 'Web Inspector based nodeJS debugger',
39 silly resolved     homepage: 'http://github.com/node-inspector/node-inspector',
39 silly resolved     author: { name: 'Danny Coates', email: 'dannycoates@gmail.com' },
39 silly resolved     keywords: [ 'debug', 'debugger', 'inspector', 'profiler' ],
39 silly resolved     repository:
39 silly resolved      { type: 'git',
39 silly resolved        url: 'http://github.com/node-inspector/node-inspector.git' },
39 silly resolved     engines: { node: '>=0.8.0' },
39 silly resolved     bin:
39 silly resolved      { 'node-inspector': './bin/inspector.js',
39 silly resolved        'node-debug': './bin/node-debug.js' },
39 silly resolved     dependencies:
39 silly resolved      { express: '^4.0',
39 silly resolved        'serve-favicon': '^2.1.1',
39 silly resolved        async: '~0.9',
39 silly resolved        glob: '^3.2.1',
39 silly resolved        rc: '~0.5.0',
39 silly resolved        'strong-data-uri': '~0.1.0',
39 silly resolved        debug: '^1.0',
39 silly resolved        ws: '~0.4.31',
39 silly resolved        opener: '^1.3.0',
39 silly resolved        yargs: '^1.2.1',
39 silly resolved        which: '^1.0.5',
39 silly resolved        'v8-debug': '~0.3.0',
39 silly resolved        'v8-profiler': '~5.2.0',
39 silly resolved        semver: '^3.0.1' },
39 silly resolved     devDependencies:
39 silly resolved      { mocha: '^1.21',
39 silly resolved        chai: '^1.9',
39 silly resolved        jshint: '^2.4.4',
39 silly resolved        'fs-extra': '~0.8.1' },
39 silly resolved     preferGlobal: true,
39 silly resolved     scripts: { pretest: 'jshint .', test: 'mocha' },
39 silly resolved     contributors:
39 silly resolved      [ [Object],
39 silly resolved        [Object],
39 silly resolved        [Object],
39 silly resolved        [Object],
39 silly resolved        [Object],
39 silly resolved        [Object],
39 silly resolved        [Object],
39 silly resolved        [Object],
39 silly resolved        [Object],
39 silly resolved        [Object],
39 silly resolved        [Object],
39 silly resolved        [Object],
39 silly resolved        [Object],
39 silly resolved        [Object],
39 silly resolved        [Object],
39 silly resolved        [Object],
39 silly resolved        [Object],
39 silly resolved        [Object],
39 silly resolved        [Object],
39 silly resolved        [Object],
39 silly resolved        [Object],
39 silly resolved        [Object],
39 silly resolved        [Object],
39 silly resolved        [Object],
39 silly resolved        [Object],
39 silly resolved        [Object],
39 silly resolved        [Object],
39 silly resolved        [Object],
39 silly resolved        [Object],
39 silly resolved        [Object],
39 silly resolved        [Object] ],
39 silly resolved     gitHead: 'd70cf70b9858e4a3da76920e96664fc5e44285c5',
39 silly resolved     bugs: { url: 'https://github.com/node-inspector/node-inspector/issues' },
39 silly resolved     _id: 'node-inspector@0.8.3',
39 silly resolved     _shasum: '2eac57771973c6eb49100ef4c9caa6ae0bcd8911',
39 silly resolved     _from: 'node-inspector@',
39 silly resolved     _npmVersion: '1.4.24',
39 silly resolved     _npmUser: { name: '3y3', email: '3y3@bk.ru' },
39 silly resolved     maintainers: [ [Object], [Object], [Object], [Object], [Object] ],
39 silly resolved     dist:
39 silly resolved      { shasum: '2eac57771973c6eb49100ef4c9caa6ae0bcd8911',
39 silly resolved        tarball: 'http://registry.npmjs.org/node-inspector/-/node-inspector-0.8.3.tgz' },
39 silly resolved     directories: {},
39 silly resolved     _resolved: 'https://registry.npmjs.org/node-inspector/-/node-inspector-0.8.3.tgz',
39 silly resolved     readme: 'ERROR: No README data found!' } ]
40 info install node-inspector@0.8.3 into /usr/local/lib
41 info installOne node-inspector@0.8.3
42 verbose lib/node_modules/node-inspector unbuild
43 verbose tar unpack /Users/lalan/.npm/node-inspector/0.8.3/package.tgz
44 silly lockFile 6e6fbd08--lib-node-modules-node-inspector tar:///usr/local/lib/node_modules/node-inspector
45 verbose lock tar:///usr/local/lib/node_modules/node-inspector /Users/lalan/.npm/6e6fbd08--lib-node-modules-node-inspector.lock
46 silly lockFile 4b1fdb35-node-inspector-0-8-3-package-tgz tar:///Users/lalan/.npm/node-inspector/0.8.3/package.tgz
47 verbose lock tar:///Users/lalan/.npm/node-inspector/0.8.3/package.tgz /Users/lalan/.npm/4b1fdb35-node-inspector-0-8-3-package-tgz.lock
48 silly gunzTarPerm modes [ '755', '644' ]
49 error Error: EACCES, mkdir '/usr/local/lib/node_modules/node-inspector'
49 error  { [Error: EACCES, mkdir '/usr/local/lib/node_modules/node-inspector']
49 error   errno: 3,
49 error   code: 'EACCES',
49 error   path: '/usr/local/lib/node_modules/node-inspector',
49 error   fstream_type: 'Directory',
49 error   fstream_path: '/usr/local/lib/node_modules/node-inspector',
49 error   fstream_class: 'DirWriter',
49 error   fstream_stack:
49 error    [ '/usr/local/lib/node_modules/npm/node_modules/fstream/lib/dir-writer.js:36:23',
49 error      '/usr/local/lib/node_modules/npm/node_modules/mkdirp/index.js:46:53',
49 error      'Object.oncomplete (fs.js:107:15)' ] }
50 error Please try running this command again as root/Administrator.
51 error System Darwin 14.1.0
52 error command "node" "/usr/local/bin/npm" "install" "-g" "node-inspector"
53 error cwd /Users/lalan/Developer/Git/IoP2015-Chord
54 error node -v v0.10.33
55 error npm -v 1.4.28
56 error path /usr/local/lib/node_modules/node-inspector
57 error fstream_path /usr/local/lib/node_modules/node-inspector
58 error fstream_type Directory
59 error fstream_class DirWriter
60 error code EACCES
61 error errno 3
62 error stack Error: EACCES, mkdir '/usr/local/lib/node_modules/node-inspector'
63 error fstream_stack /usr/local/lib/node_modules/npm/node_modules/fstream/lib/dir-writer.js:36:23
63 error fstream_stack /usr/local/lib/node_modules/npm/node_modules/mkdirp/index.js:46:53
63 error fstream_stack Object.oncomplete (fs.js:107:15)
64 verbose exit [ 3, true ]
